----------

Thu Nov 19 2020 23:25:01 GMT+0100 (Central European Standard Time)

Script /Users/abdulrahmaniliyasu/Bootstrap Studio Backups/export.sh couldn't be run

----------

Thu Nov 19 2020 23:58:51 GMT+0100 (Central European Standard Time)

Script /Users/abdulrahmaniliyasu/Bootstrap Studio Backups/export.sh couldn't be run

----------

Fri Nov 20 2020 00:31:45 GMT+0100 (Central European Standard Time)

fatal: not a git repository (or any of the parent directories): .git


----------

Fri Nov 20 2020 00:31:45 GMT+0100 (Central European Standard Time)

fatal: not a git repository (or any of the parent directories): .git


----------

Fri Nov 20 2020 00:31:45 GMT+0100 (Central European Standard Time)

fatal: not a git repository (or any of the parent directories): .git


----------

Fri Nov 20 2020 01:38:37 GMT+0100 (Central European Standard Time)

/Users/abdulrahmaniliyasu/Bootstrap Studio Backups/index/export.sh: line 3: cs: command not found


----------

Fri Nov 20 2020 01:38:37 GMT+0100 (Central European Standard Time)

fatal: not a git repository (or any of the parent directories): .git


----------

Fri Nov 20 2020 01:38:37 GMT+0100 (Central European Standard Time)

fatal: not a git repository (or any of the parent directories): .git


----------

Fri Nov 20 2020 01:38:37 GMT+0100 (Central European Standard Time)

fatal: not a git repository (or any of the parent directories): .git


----------

Fri Nov 20 2020 01:38:40 GMT+0100 (Central European Standard Time)

/Users/abdulrahmaniliyasu/Bootstrap Studio Backups/index/export.sh: line 3: cs: command not found


----------

Fri Nov 20 2020 01:38:40 GMT+0100 (Central European Standard Time)

fatal: not a git repository (or any of the parent directories): .git


----------

Fri Nov 20 2020 01:38:40 GMT+0100 (Central European Standard Time)

fatal: not a git repository (or any of the parent directories): .git


----------

Fri Nov 20 2020 01:38:40 GMT+0100 (Central European Standard Time)

fatal: not a git repository (or any of the parent directories): .git


